<?xml version="1.0" encoding="UTF-8"?>
<testsuite xmlns:xsi="http://www.w3.org/2001/XMLSchema-instance" xsi:noNamespaceSchemaLocation="https://maven.apache.org/surefire/maven-surefire-plugin/xsd/surefire-test-report.xsd" name="org.springframework.boot.testsupport.classpath.ModifiedClassPathExtensionExclusionsTests" time="0.206" tests="3" errors="0" skipped="0" failures="0">
  <properties>
    <property name="java.specification.version" value="15"/>
    <property name="sun.cpu.isalist" value="amd64"/>
    <property name="sun.jnu.encoding" value="GBK"/>
    <property name="java.class.path" value="G:\own\springboot-read-sourcecode\spring-boot-project\spring-boot-tools\spring-boot-test-support\target\test-classes;G:\own\springboot-read-sourcecode\spring-boot-project\spring-boot-tools\spring-boot-test-support\target\classes;D:\dev\maven\repo\org\apache\maven\resolver\maven-resolver-connector-basic\1.1.1\maven-resolver-connector-basic-1.1.1.jar;D:\dev\maven\repo\org\apache\maven\resolver\maven-resolver-api\1.1.1\maven-resolver-api-1.1.1.jar;D:\dev\maven\repo\org\apache\maven\resolver\maven-resolver-spi\1.1.1\maven-resolver-spi-1.1.1.jar;D:\dev\maven\repo\org\apache\maven\resolver\maven-resolver-util\1.1.1\maven-resolver-util-1.1.1.jar;D:\dev\maven\repo\org\apache\maven\resolver\maven-resolver-impl\1.1.1\maven-resolver-impl-1.1.1.jar;D:\dev\maven\repo\org\apache\maven\maven-resolver-provider\3.5.4\maven-resolver-provider-3.5.4.jar;D:\dev\maven\repo\org\apache\maven\maven-model\3.5.4\maven-model-3.5.4.jar;D:\dev\maven\repo\org\apache\maven\maven-model-builder\3.5.4\maven-model-builder-3.5.4.jar;D:\dev\maven\repo\org\codehaus\plexus\plexus-interpolation\1.24\plexus-interpolation-1.24.jar;D:\dev\maven\repo\org\codehaus\plexus\plexus-component-annotations\1.7.1\plexus-component-annotations-1.7.1.jar;D:\dev\maven\repo\org\apache\maven\maven-artifact\3.5.4\maven-artifact-3.5.4.jar;D:\dev\maven\repo\org\apache\maven\maven-builder-support\3.5.4\maven-builder-support-3.5.4.jar;D:\dev\maven\repo\org\apache\maven\maven-repository-metadata\3.5.4\maven-repository-metadata-3.5.4.jar;D:\dev\maven\repo\org\codehaus\plexus\plexus-utils\3.1.0\plexus-utils-3.1.0.jar;D:\dev\maven\repo\javax\inject\javax.inject\1\javax.inject-1.jar;D:\dev\maven\repo\org\apache\commons\commons-lang3\3.9\commons-lang3-3.9.jar;D:\dev\maven\repo\org\apache\maven\resolver\maven-resolver-transport-http\1.1.1\maven-resolver-transport-http-1.1.1.jar;D:\dev\maven\repo\org\apache\httpcomponents\httpclient\4.5.13\httpclient-4.5.13.jar;D:\dev\maven\repo\commons-codec\commons-codec\1.13\commons-codec-1.13.jar;D:\dev\maven\repo\org\apache\httpcomponents\httpcore\4.4.14\httpcore-4.4.14.jar;D:\dev\maven\repo\org\springframework\spring-core\5.2.12.RELEASE\spring-core-5.2.12.RELEASE.jar;D:\dev\maven\repo\org\springframework\spring-jcl\5.2.12.RELEASE\spring-jcl-5.2.12.RELEASE.jar;D:\dev\maven\repo\org\assertj\assertj-core\3.13.2\assertj-core-3.13.2.jar;D:\dev\maven\repo\com\datastax\cassandra\cassandra-driver-core\3.7.2\cassandra-driver-core-3.7.2.jar;D:\dev\maven\repo\io\netty\netty-handler\4.1.58.Final\netty-handler-4.1.58.Final.jar;D:\dev\maven\repo\io\netty\netty-common\4.1.58.Final\netty-common-4.1.58.Final.jar;D:\dev\maven\repo\io\netty\netty-resolver\4.1.58.Final\netty-resolver-4.1.58.Final.jar;D:\dev\maven\repo\io\netty\netty-buffer\4.1.58.Final\netty-buffer-4.1.58.Final.jar;D:\dev\maven\repo\io\netty\netty-transport\4.1.58.Final\netty-transport-4.1.58.Final.jar;D:\dev\maven\repo\io\netty\netty-codec\4.1.58.Final\netty-codec-4.1.58.Final.jar;D:\dev\maven\repo\com\google\guava\guava\19.0\guava-19.0.jar;D:\dev\maven\repo\io\dropwizard\metrics\metrics-core\4.1.17\metrics-core-4.1.17.jar;D:\dev\maven\repo\org\slf4j\slf4j-api\1.7.30\slf4j-api-1.7.30.jar;D:\dev\maven\repo\com\github\jnr\jnr-ffi\2.1.7\jnr-ffi-2.1.7.jar;D:\dev\maven\repo\com\github\jnr\jffi\1.2.16\jffi-1.2.16.jar;D:\dev\maven\repo\com\github\jnr\jffi\1.2.16\jffi-1.2.16-native.jar;D:\dev\maven\repo\org\ow2\asm\asm\5.0.3\asm-5.0.3.jar;D:\dev\maven\repo\org\ow2\asm\asm-commons\5.0.3\asm-commons-5.0.3.jar;D:\dev\maven\repo\org\ow2\asm\asm-analysis\5.0.3\asm-analysis-5.0.3.jar;D:\dev\maven\repo\org\ow2\asm\asm-tree\5.0.3\asm-tree-5.0.3.jar;D:\dev\maven\repo\org\ow2\asm\asm-util\5.0.3\asm-util-5.0.3.jar;D:\dev\maven\repo\com\github\jnr\jnr-x86asm\1.0.2\jnr-x86asm-1.0.2.jar;D:\dev\maven\repo\com\github\jnr\jnr-posix\3.0.44\jnr-posix-3.0.44.jar;D:\dev\maven\repo\com\github\jnr\jnr-constants\0.9.9\jnr-constants-0.9.9.jar;D:\dev\maven\repo\jakarta\servlet\jakarta.servlet-api\4.0.4\jakarta.servlet-api-4.0.4.jar;D:\dev\maven\repo\org\mockito\mockito-core\3.1.0\mockito-core-3.1.0.jar;D:\dev\maven\repo\net\bytebuddy\byte-buddy\1.10.19\byte-buddy-1.10.19.jar;D:\dev\maven\repo\net\bytebuddy\byte-buddy-agent\1.10.19\byte-buddy-agent-1.10.19.jar;D:\dev\maven\repo\org\objenesis\objenesis\2.6\objenesis-2.6.jar;D:\dev\maven\repo\org\neo4j\neo4j-ogm-core\3.2.19\neo4j-ogm-core-3.2.19.jar;D:\dev\maven\repo\org\neo4j\neo4j-ogm-api\3.2.19\neo4j-ogm-api-3.2.19.jar;D:\dev\maven\repo\com\fasterxml\jackson\core\jackson-databind\2.10.5.1\jackson-databind-2.10.5.1.jar;D:\dev\maven\repo\com\fasterxml\jackson\core\jackson-annotations\2.10.5\jackson-annotations-2.10.5.jar;D:\dev\maven\repo\com\fasterxml\jackson\core\jackson-core\2.10.5\jackson-core-2.10.5.jar;D:\dev\maven\repo\com\fasterxml\jackson\datatype\jackson-datatype-jdk8\2.10.5\jackson-datatype-jdk8-2.10.5.jar;D:\dev\maven\repo\com\fasterxml\jackson\datatype\jackson-datatype-jsr310\2.10.5\jackson-datatype-jsr310-2.10.5.jar;D:\dev\maven\repo\io\github\classgraph\classgraph\4.8.86\classgraph-4.8.86.jar;D:\dev\maven\repo\org\springframework\data\spring-data-redis\2.2.12.RELEASE\spring-data-redis-2.2.12.RELEASE.jar;D:\dev\maven\repo\org\springframework\data\spring-data-keyvalue\2.2.12.RELEASE\spring-data-keyvalue-2.2.12.RELEASE.jar;D:\dev\maven\repo\org\springframework\data\spring-data-commons\2.2.12.RELEASE\spring-data-commons-2.2.12.RELEASE.jar;D:\dev\maven\repo\org\springframework\spring-tx\5.2.12.RELEASE\spring-tx-5.2.12.RELEASE.jar;D:\dev\maven\repo\org\springframework\spring-oxm\5.2.12.RELEASE\spring-oxm-5.2.12.RELEASE.jar;D:\dev\maven\repo\org\springframework\spring-aop\5.2.12.RELEASE\spring-aop-5.2.12.RELEASE.jar;D:\dev\maven\repo\org\springframework\spring-context-support\5.2.12.RELEASE\spring-context-support-5.2.12.RELEASE.jar;D:\dev\maven\repo\org\springframework\spring-context\5.2.12.RELEASE\spring-context-5.2.12.RELEASE.jar;D:\dev\maven\repo\org\springframework\spring-beans\5.2.12.RELEASE\spring-beans-5.2.12.RELEASE.jar;D:\dev\maven\repo\org\springframework\spring-expression\5.2.12.RELEASE\spring-expression-5.2.12.RELEASE.jar;D:\dev\maven\repo\org\testcontainers\testcontainers\1.14.3\testcontainers-1.14.3.jar;D:\dev\maven\repo\org\jetbrains\annotations\19.0.0\annotations-19.0.0.jar;D:\dev\maven\repo\org\apache\commons\commons-compress\1.19\commons-compress-1.19.jar;D:\dev\maven\repo\org\rnorth\duct-tape\duct-tape\1.0.8\duct-tape-1.0.8.jar;D:\dev\maven\repo\org\rnorth\visible-assertions\visible-assertions\2.1.2\visible-assertions-2.1.2.jar;D:\dev\maven\repo\org\rnorth\tcp-unix-socket-proxy\1.0.2\tcp-unix-socket-proxy-1.0.2.jar;D:\dev\maven\repo\com\kohlschutter\junixsocket\junixsocket-native-common\2.0.4\junixsocket-native-common-2.0.4.jar;D:\dev\maven\repo\org\scijava\native-lib-loader\2.0.2\native-lib-loader-2.0.2.jar;D:\dev\maven\repo\com\kohlschutter\junixsocket\junixsocket-common\2.0.4\junixsocket-common-2.0.4.jar;D:\dev\maven\repo\net\java\dev\jna\jna-platform\4.5.2\jna-platform-4.5.2.jar;D:\dev\maven\repo\net\java\dev\jna\jna\4.5.2\jna-4.5.2.jar;D:\dev\maven\repo\org\testcontainers\junit-jupiter\1.14.3\junit-jupiter-1.14.3.jar;D:\dev\maven\repo\org\junit\jupiter\junit-jupiter-api\5.5.2\junit-jupiter-api-5.5.2.jar;D:\dev\maven\repo\org\opentest4j\opentest4j\1.2.0\opentest4j-1.2.0.jar;D:\dev\maven\repo\org\junit\platform\junit-platform-commons\1.5.2\junit-platform-commons-1.5.2.jar;D:\dev\maven\repo\junit\junit\4.12\junit-4.12.jar;D:\dev\maven\repo\org\junit\jupiter\junit-jupiter\5.5.2\junit-jupiter-5.5.2.jar;D:\dev\maven\repo\org\junit\jupiter\junit-jupiter-params\5.5.2\junit-jupiter-params-5.5.2.jar;D:\dev\maven\repo\org\junit\jupiter\junit-jupiter-engine\5.5.2\junit-jupiter-engine-5.5.2.jar;D:\dev\maven\repo\org\hibernate\validator\hibernate-validator\6.0.22.Final\hibernate-validator-6.0.22.Final.jar;D:\dev\maven\repo\org\jboss\logging\jboss-logging\3.4.1.Final\jboss-logging-3.4.1.Final.jar;D:\dev\maven\repo\com\fasterxml\classmate\1.5.1\classmate-1.5.1.jar;D:\dev\maven\repo\jakarta\validation\jakarta.validation-api\2.0.2\jakarta.validation-api-2.0.2.jar;D:\dev\maven\repo\org\junit\vintage\junit-vintage-engine\5.5.2\junit-vintage-engine-5.5.2.jar;D:\dev\maven\repo\org\apiguardian\apiguardian-api\1.1.0\apiguardian-api-1.1.0.jar;D:\dev\maven\repo\org\junit\platform\junit-platform-engine\1.5.2\junit-platform-engine-1.5.2.jar;D:\dev\maven\repo\org\mockito\mockito-junit-jupiter\3.1.0\mockito-junit-jupiter-3.1.0.jar;D:\dev\maven\repo\org\hamcrest\hamcrest\2.1\hamcrest-2.1.jar;D:\dev\maven\repo\org\springframework\spring-test\5.2.12.RELEASE\spring-test-5.2.12.RELEASE.jar;"/>
    <property name="java.vm.vendor" value="Oracle Corporation"/>
    <property name="sun.arch.data.model" value="64"/>
    <property name="user.variant" value=""/>
    <property name="java.vendor.url" value="https://java.oracle.com/"/>
    <property name="user.timezone" value="Asia/Shanghai"/>
    <property name="os.name" value="Windows 10"/>
    <property name="java.vm.specification.version" value="15"/>
    <property name="sun.java.launcher" value="SUN_STANDARD"/>
    <property name="user.country" value="CN"/>
    <property name="sun.boot.library.path" value="C:\Users\cchu\.jdks\openjdk-15.0.2\bin"/>
    <property name="sun.java.command" value="C:\Users\cchu\AppData\Local\Temp\surefire4037613136061900340\surefirebooter13816998694385655529.jar C:\Users\cchu\AppData\Local\Temp\surefire4037613136061900340 2021-03-18T17-03-15_735-jvmRun1 surefire9328304270087958060tmp surefire_08012621105829713713tmp"/>
    <property name="jdk.debug" value="release"/>
    <property name="surefire.test.class.path" value="G:\own\springboot-read-sourcecode\spring-boot-project\spring-boot-tools\spring-boot-test-support\target\test-classes;G:\own\springboot-read-sourcecode\spring-boot-project\spring-boot-tools\spring-boot-test-support\target\classes;D:\dev\maven\repo\org\apache\maven\resolver\maven-resolver-connector-basic\1.1.1\maven-resolver-connector-basic-1.1.1.jar;D:\dev\maven\repo\org\apache\maven\resolver\maven-resolver-api\1.1.1\maven-resolver-api-1.1.1.jar;D:\dev\maven\repo\org\apache\maven\resolver\maven-resolver-spi\1.1.1\maven-resolver-spi-1.1.1.jar;D:\dev\maven\repo\org\apache\maven\resolver\maven-resolver-util\1.1.1\maven-resolver-util-1.1.1.jar;D:\dev\maven\repo\org\apache\maven\resolver\maven-resolver-impl\1.1.1\maven-resolver-impl-1.1.1.jar;D:\dev\maven\repo\org\apache\maven\maven-resolver-provider\3.5.4\maven-resolver-provider-3.5.4.jar;D:\dev\maven\repo\org\apache\maven\maven-model\3.5.4\maven-model-3.5.4.jar;D:\dev\maven\repo\org\apache\maven\maven-model-builder\3.5.4\maven-model-builder-3.5.4.jar;D:\dev\maven\repo\org\codehaus\plexus\plexus-interpolation\1.24\plexus-interpolation-1.24.jar;D:\dev\maven\repo\org\codehaus\plexus\plexus-component-annotations\1.7.1\plexus-component-annotations-1.7.1.jar;D:\dev\maven\repo\org\apache\maven\maven-artifact\3.5.4\maven-artifact-3.5.4.jar;D:\dev\maven\repo\org\apache\maven\maven-builder-support\3.5.4\maven-builder-support-3.5.4.jar;D:\dev\maven\repo\org\apache\maven\maven-repository-metadata\3.5.4\maven-repository-metadata-3.5.4.jar;D:\dev\maven\repo\org\codehaus\plexus\plexus-utils\3.1.0\plexus-utils-3.1.0.jar;D:\dev\maven\repo\javax\inject\javax.inject\1\javax.inject-1.jar;D:\dev\maven\repo\org\apache\commons\commons-lang3\3.9\commons-lang3-3.9.jar;D:\dev\maven\repo\org\apache\maven\resolver\maven-resolver-transport-http\1.1.1\maven-resolver-transport-http-1.1.1.jar;D:\dev\maven\repo\org\apache\httpcomponents\httpclient\4.5.13\httpclient-4.5.13.jar;D:\dev\maven\repo\commons-codec\commons-codec\1.13\commons-codec-1.13.jar;D:\dev\maven\repo\org\apache\httpcomponents\httpcore\4.4.14\httpcore-4.4.14.jar;D:\dev\maven\repo\org\springframework\spring-core\5.2.12.RELEASE\spring-core-5.2.12.RELEASE.jar;D:\dev\maven\repo\org\springframework\spring-jcl\5.2.12.RELEASE\spring-jcl-5.2.12.RELEASE.jar;D:\dev\maven\repo\org\assertj\assertj-core\3.13.2\assertj-core-3.13.2.jar;D:\dev\maven\repo\com\datastax\cassandra\cassandra-driver-core\3.7.2\cassandra-driver-core-3.7.2.jar;D:\dev\maven\repo\io\netty\netty-handler\4.1.58.Final\netty-handler-4.1.58.Final.jar;D:\dev\maven\repo\io\netty\netty-common\4.1.58.Final\netty-common-4.1.58.Final.jar;D:\dev\maven\repo\io\netty\netty-resolver\4.1.58.Final\netty-resolver-4.1.58.Final.jar;D:\dev\maven\repo\io\netty\netty-buffer\4.1.58.Final\netty-buffer-4.1.58.Final.jar;D:\dev\maven\repo\io\netty\netty-transport\4.1.58.Final\netty-transport-4.1.58.Final.jar;D:\dev\maven\repo\io\netty\netty-codec\4.1.58.Final\netty-codec-4.1.58.Final.jar;D:\dev\maven\repo\com\google\guava\guava\19.0\guava-19.0.jar;D:\dev\maven\repo\io\dropwizard\metrics\metrics-core\4.1.17\metrics-core-4.1.17.jar;D:\dev\maven\repo\org\slf4j\slf4j-api\1.7.30\slf4j-api-1.7.30.jar;D:\dev\maven\repo\com\github\jnr\jnr-ffi\2.1.7\jnr-ffi-2.1.7.jar;D:\dev\maven\repo\com\github\jnr\jffi\1.2.16\jffi-1.2.16.jar;D:\dev\maven\repo\com\github\jnr\jffi\1.2.16\jffi-1.2.16-native.jar;D:\dev\maven\repo\org\ow2\asm\asm\5.0.3\asm-5.0.3.jar;D:\dev\maven\repo\org\ow2\asm\asm-commons\5.0.3\asm-commons-5.0.3.jar;D:\dev\maven\repo\org\ow2\asm\asm-analysis\5.0.3\asm-analysis-5.0.3.jar;D:\dev\maven\repo\org\ow2\asm\asm-tree\5.0.3\asm-tree-5.0.3.jar;D:\dev\maven\repo\org\ow2\asm\asm-util\5.0.3\asm-util-5.0.3.jar;D:\dev\maven\repo\com\github\jnr\jnr-x86asm\1.0.2\jnr-x86asm-1.0.2.jar;D:\dev\maven\repo\com\github\jnr\jnr-posix\3.0.44\jnr-posix-3.0.44.jar;D:\dev\maven\repo\com\github\jnr\jnr-constants\0.9.9\jnr-constants-0.9.9.jar;D:\dev\maven\repo\jakarta\servlet\jakarta.servlet-api\4.0.4\jakarta.servlet-api-4.0.4.jar;D:\dev\maven\repo\org\mockito\mockito-core\3.1.0\mockito-core-3.1.0.jar;D:\dev\maven\repo\net\bytebuddy\byte-buddy\1.10.19\byte-buddy-1.10.19.jar;D:\dev\maven\repo\net\bytebuddy\byte-buddy-agent\1.10.19\byte-buddy-agent-1.10.19.jar;D:\dev\maven\repo\org\objenesis\objenesis\2.6\objenesis-2.6.jar;D:\dev\maven\repo\org\neo4j\neo4j-ogm-core\3.2.19\neo4j-ogm-core-3.2.19.jar;D:\dev\maven\repo\org\neo4j\neo4j-ogm-api\3.2.19\neo4j-ogm-api-3.2.19.jar;D:\dev\maven\repo\com\fasterxml\jackson\core\jackson-databind\2.10.5.1\jackson-databind-2.10.5.1.jar;D:\dev\maven\repo\com\fasterxml\jackson\core\jackson-annotations\2.10.5\jackson-annotations-2.10.5.jar;D:\dev\maven\repo\com\fasterxml\jackson\core\jackson-core\2.10.5\jackson-core-2.10.5.jar;D:\dev\maven\repo\com\fasterxml\jackson\datatype\jackson-datatype-jdk8\2.10.5\jackson-datatype-jdk8-2.10.5.jar;D:\dev\maven\repo\com\fasterxml\jackson\datatype\jackson-datatype-jsr310\2.10.5\jackson-datatype-jsr310-2.10.5.jar;D:\dev\maven\repo\io\github\classgraph\classgraph\4.8.86\classgraph-4.8.86.jar;D:\dev\maven\repo\org\springframework\data\spring-data-redis\2.2.12.RELEASE\spring-data-redis-2.2.12.RELEASE.jar;D:\dev\maven\repo\org\springframework\data\spring-data-keyvalue\2.2.12.RELEASE\spring-data-keyvalue-2.2.12.RELEASE.jar;D:\dev\maven\repo\org\springframework\data\spring-data-commons\2.2.12.RELEASE\spring-data-commons-2.2.12.RELEASE.jar;D:\dev\maven\repo\org\springframework\spring-tx\5.2.12.RELEASE\spring-tx-5.2.12.RELEASE.jar;D:\dev\maven\repo\org\springframework\spring-oxm\5.2.12.RELEASE\spring-oxm-5.2.12.RELEASE.jar;D:\dev\maven\repo\org\springframework\spring-aop\5.2.12.RELEASE\spring-aop-5.2.12.RELEASE.jar;D:\dev\maven\repo\org\springframework\spring-context-support\5.2.12.RELEASE\spring-context-support-5.2.12.RELEASE.jar;D:\dev\maven\repo\org\springframework\spring-context\5.2.12.RELEASE\spring-context-5.2.12.RELEASE.jar;D:\dev\maven\repo\org\springframework\spring-beans\5.2.12.RELEASE\spring-beans-5.2.12.RELEASE.jar;D:\dev\maven\repo\org\springframework\spring-expression\5.2.12.RELEASE\spring-expression-5.2.12.RELEASE.jar;D:\dev\maven\repo\org\testcontainers\testcontainers\1.14.3\testcontainers-1.14.3.jar;D:\dev\maven\repo\org\jetbrains\annotations\19.0.0\annotations-19.0.0.jar;D:\dev\maven\repo\org\apache\commons\commons-compress\1.19\commons-compress-1.19.jar;D:\dev\maven\repo\org\rnorth\duct-tape\duct-tape\1.0.8\duct-tape-1.0.8.jar;D:\dev\maven\repo\org\rnorth\visible-assertions\visible-assertions\2.1.2\visible-assertions-2.1.2.jar;D:\dev\maven\repo\org\rnorth\tcp-unix-socket-proxy\1.0.2\tcp-unix-socket-proxy-1.0.2.jar;D:\dev\maven\repo\com\kohlschutter\junixsocket\junixsocket-native-common\2.0.4\junixsocket-native-common-2.0.4.jar;D:\dev\maven\repo\org\scijava\native-lib-loader\2.0.2\native-lib-loader-2.0.2.jar;D:\dev\maven\repo\com\kohlschutter\junixsocket\junixsocket-common\2.0.4\junixsocket-common-2.0.4.jar;D:\dev\maven\repo\net\java\dev\jna\jna-platform\4.5.2\jna-platform-4.5.2.jar;D:\dev\maven\repo\net\java\dev\jna\jna\4.5.2\jna-4.5.2.jar;D:\dev\maven\repo\org\testcontainers\junit-jupiter\1.14.3\junit-jupiter-1.14.3.jar;D:\dev\maven\repo\org\junit\jupiter\junit-jupiter-api\5.5.2\junit-jupiter-api-5.5.2.jar;D:\dev\maven\repo\org\opentest4j\opentest4j\1.2.0\opentest4j-1.2.0.jar;D:\dev\maven\repo\org\junit\platform\junit-platform-commons\1.5.2\junit-platform-commons-1.5.2.jar;D:\dev\maven\repo\junit\junit\4.12\junit-4.12.jar;D:\dev\maven\repo\org\junit\jupiter\junit-jupiter\5.5.2\junit-jupiter-5.5.2.jar;D:\dev\maven\repo\org\junit\jupiter\junit-jupiter-params\5.5.2\junit-jupiter-params-5.5.2.jar;D:\dev\maven\repo\org\junit\jupiter\junit-jupiter-engine\5.5.2\junit-jupiter-engine-5.5.2.jar;D:\dev\maven\repo\org\hibernate\validator\hibernate-validator\6.0.22.Final\hibernate-validator-6.0.22.Final.jar;D:\dev\maven\repo\org\jboss\logging\jboss-logging\3.4.1.Final\jboss-logging-3.4.1.Final.jar;D:\dev\maven\repo\com\fasterxml\classmate\1.5.1\classmate-1.5.1.jar;D:\dev\maven\repo\jakarta\validation\jakarta.validation-api\2.0.2\jakarta.validation-api-2.0.2.jar;D:\dev\maven\repo\org\junit\vintage\junit-vintage-engine\5.5.2\junit-vintage-engine-5.5.2.jar;D:\dev\maven\repo\org\apiguardian\apiguardian-api\1.1.0\apiguardian-api-1.1.0.jar;D:\dev\maven\repo\org\junit\platform\junit-platform-engine\1.5.2\junit-platform-engine-1.5.2.jar;D:\dev\maven\repo\org\mockito\mockito-junit-jupiter\3.1.0\mockito-junit-jupiter-3.1.0.jar;D:\dev\maven\repo\org\hamcrest\hamcrest\2.1\hamcrest-2.1.jar;D:\dev\maven\repo\org\springframework\spring-test\5.2.12.RELEASE\spring-test-5.2.12.RELEASE.jar;"/>
    <property name="sun.cpu.endian" value="little"/>
    <property name="user.home" value="C:\Users\cchu"/>
    <property name="user.language" value="zh"/>
    <property name="java.specification.vendor" value="Oracle Corporation"/>
    <property name="java.version.date" value="2021-01-19"/>
    <property name="java.home" value="C:\Users\cchu\.jdks\openjdk-15.0.2"/>
    <property name="file.separator" value="\"/>
    <property name="basedir" value="G:\own\springboot-read-sourcecode\spring-boot-project\spring-boot-tools\spring-boot-test-support"/>
    <property name="java.vm.compressedOopsMode" value="32-bit"/>
    <property name="line.separator" value="&#10;"/>
    <property name="java.vm.specification.vendor" value="Oracle Corporation"/>
    <property name="java.specification.name" value="Java Platform API Specification"/>
    <property name="java.awt.headless" value="true"/>
    <property name="surefire.real.class.path" value="C:\Users\cchu\AppData\Local\Temp\surefire4037613136061900340\surefirebooter13816998694385655529.jar"/>
    <property name="user.script" value=""/>
    <property name="sun.management.compiler" value="HotSpot 64-Bit Tiered Compilers"/>
    <property name="java.runtime.version" value="15.0.2+7-27"/>
    <property name="user.name" value="cchu"/>
    <property name="path.separator" value=";"/>
    <property name="java.security.egd" value="file:/dev/./urandom"/>
    <property name="os.version" value="10.0"/>
    <property name="java.runtime.name" value="OpenJDK Runtime Environment"/>
    <property name="file.encoding" value="GBK"/>
    <property name="java.vm.name" value="OpenJDK 64-Bit Server VM"/>
    <property name="localRepository" value="D:\dev\maven\repo"/>
    <property name="java.vendor.url.bug" value="https://bugreport.java.com/bugreport/"/>
    <property name="java.io.tmpdir" value="C:\Users\cchu\AppData\Local\Temp\"/>
    <property name="idea.version" value="2020.2.4"/>
    <property name="java.version" value="15.0.2"/>
    <property name="user.dir" value="G:\own\springboot-read-sourcecode\spring-boot-project\spring-boot-tools\spring-boot-test-support"/>
    <property name="os.arch" value="amd64"/>
    <property name="java.vm.specification.name" value="Java Virtual Machine Specification"/>
    <property name="sun.os.patch.level" value=""/>
    <property name="java.library.path" value="C:\Users\cchu\.jdks\openjdk-15.0.2\bin;C:\WINDOWS\Sun\Java\bin;C:\WINDOWS\system32;C:\WINDOWS;D:\sw\Xshell\;D:\sw\Navicat Premium 12\instantclient_12_1;D:\sw\Xftp\;C:\Program Files (x86)\Intel\Intel(R) Management Engine Components\iCLS\;C:\Program Files\Intel\Intel(R) Management Engine Components\iCLS\;C:\WINDOWS\system32;C:\WINDOWS;C:\WINDOWS\System32\Wbem;C:\WINDOWS\System32\WindowsPowerShell\v1.0\;C:\WINDOWS\System32\OpenSSH\;C:\Program Files (x86)\Intel\Intel(R) Management Engine Components\DAL;C:\Program Files\Intel\Intel(R) Management Engine Components\DAL;C:\Program Files\Intel\WiFi\bin\;C:\Program Files\Common Files\Intel\WirelessCommon\;C:\Program Files\nodejs\;C:\Program Files\OpenVPN\bin;C:\sw\java\java8\bin;D:\sw\Anaconda\condabin;F:\maven\bin;C:\Program Files\gettext-iconv\bin;D:\sw\Anaconda;D:\sw\Anaconda\Scripts;D:\sw\Anaconda\Library\bin;D:\sw\Git\cmd;D:\sw\TortoiseGit\bin;C:\Program Files\TortoiseSVN\bin;D:\dev\antolder\bin;D:\dev\gradle-6.8.3\bin;C:\Users\cchu\AppData\Local\Microsoft\WindowsApps;C:\sw\PyCharm\bin;D:\sw\Microsoft VS Code\bin;C:\sw\IntelliJ IDEA\bin;C:\sw\DataGrip\bin;C:\Users\cchu\AppData\Roaming\npm;C:\Users\cchu\AppData\Local\BypassRuntm;D:\sw\Fiddler;C:\Users\cchu\AppData\Local\Microsoft\WindowsApps;;C:\sw\JetBrains\WebStorm 2020.2.4\bin;;C:\sw\GitHub CLI\;."/>
    <property name="java.vm.info" value="mixed mode, sharing"/>
    <property name="java.vendor" value="Oracle Corporation"/>
    <property name="java.vm.version" value="15.0.2+7-27"/>
    <property name="sun.io.unicode.encoding" value="UnicodeLittle"/>
    <property name="maven.repo.local" value="D:\dev\maven\repo"/>
    <property name="java.class.version" value="59.0"/>
  </properties>
  <testcase name="entriesAreFilteredFromTestClassClassLoader" classname="org.springframework.boot.testsupport.classpath.ModifiedClassPathExtensionExclusionsTests" time="0.192"/>
  <testcase name="entriesAreFilteredFromThreadContextClassLoader" classname="org.springframework.boot.testsupport.classpath.ModifiedClassPathExtensionExclusionsTests" time="0.004"/>
  <testcase name="testsThatUseHamcrestWorkCorrectly" classname="org.springframework.boot.testsupport.classpath.ModifiedClassPathExtensionExclusionsTests" time="0.007"/>
</testsuite>